{"C:\\Users\\Hollow\\Downloads\\weather-app-test\\src\\app.js": {"path":"C:\\Users\\Hollow\\Downloads\\weather-app-test\\src\\app.js","statementMap":{"0":{"start":{"line":4,"column":20},"end":{"line":4,"column":56}},"1":{"start":{"line":5,"column":22},"end":{"line":5,"column":60}},"2":{"start":{"line":6,"column":22},"end":{"line":6,"column":60}},"3":{"start":{"line":7,"column":22},"end":{"line":7,"column":60}},"4":{"start":{"line":8,"column":23},"end":{"line":8,"column":62}},"5":{"start":{"line":10,"column":2},"end":{"line":36,"column":5}},"6":{"start":{"line":11,"column":17},"end":{"line":11,"column":39}},"7":{"start":{"line":12,"column":4},"end":{"line":17,"column":5}},"8":{"start":{"line":13,"column":6},"end":{"line":13,"column":61}},"9":{"start":{"line":14,"column":6},"end":{"line":14,"column":35}},"10":{"start":{"line":15,"column":6},"end":{"line":15,"column":41}},"11":{"start":{"line":16,"column":6},"end":{"line":16,"column":13}},"12":{"start":{"line":19,"column":4},"end":{"line":35,"column":5}},"13":{"start":{"line":20,"column":19},"end":{"line":20,"column":43}},"14":{"start":{"line":21,"column":6},"end":{"line":21,"column":36}},"15":{"start":{"line":22,"column":6},"end":{"line":30,"column":8}},"16":{"start":{"line":32,"column":6},"end":{"line":32,"column":64}},"17":{"start":{"line":33,"column":6},"end":{"line":33,"column":35}},"18":{"start":{"line":34,"column":6},"end":{"line":34,"column":41}}},"fnMap":{"0":{"name":"initApp","decl":{"start":{"line":3,"column":16},"end":{"line":3,"column":23}},"loc":{"start":{"line":3,"column":26},"end":{"line":37,"column":1}},"line":3},"1":{"name":"(anonymous_1)","decl":{"start":{"line":10,"column":40},"end":{"line":10,"column":41}},"loc":{"start":{"line":10,"column":52},"end":{"line":36,"column":3}},"line":10}},"branchMap":{"0":{"loc":{"start":{"line":12,"column":4},"end":{"line":17,"column":5}},"type":"if","locations":[{"start":{"line":12,"column":4},"end":{"line":17,"column":5}},{"start":{},"end":{}}],"line":12}},"s":{"0":8,"1":8,"2":8,"3":8,"4":8,"5":8,"6":13,"7":13,"8":5,"9":5,"10":5,"11":5,"12":8,"13":8,"14":2,"15":2,"16":7,"17":7,"18":7},"f":{"0":8,"1":13},"b":{"0":[5,8]},"_coverageSchema":"1a1c01bbd47fc00a2c39e90264f33305004495a9","hash":"d9460dbf148c2459804920285a3ddb9e9a0d29cc"}
,"C:\\Users\\Hollow\\Downloads\\weather-app-test\\src\\main.js": {"path":"C:\\Users\\Hollow\\Downloads\\weather-app-test\\src\\main.js","statementMap":{"0":{"start":{"line":3,"column":29},"end":{"line":5,"column":1}},"1":{"start":{"line":4,"column":2},"end":{"line":4,"column":12}},"2":{"start":{"line":6,"column":0},"end":{"line":6,"column":61}}},"fnMap":{"0":{"name":"(anonymous_0)","decl":{"start":{"line":3,"column":29},"end":{"line":3,"column":30}},"loc":{"start":{"line":3,"column":35},"end":{"line":5,"column":1}},"line":3}},"branchMap":{},"s":{"0":1,"1":1,"2":1},"f":{"0":1},"b":{},"_coverageSchema":"1a1c01bbd47fc00a2c39e90264f33305004495a9","hash":"185ad437fc02a64e53eb56bf258871345ed902ef"}
,"C:\\Users\\Hollow\\Downloads\\weather-app-test\\src\\weather.js": {"path":"C:\\Users\\Hollow\\Downloads\\weather-app-test\\src\\weather.js","statementMap":{"0":{"start":{"line":2,"column":19},"end":{"line":2,"column":78}},"1":{"start":{"line":3,"column":15},"end":{"line":3,"column":36}},"2":{"start":{"line":4,"column":2},"end":{"line":4,"column":14}},"3":{"start":{"line":8,"column":2},"end":{"line":8,"column":69}},"4":{"start":{"line":12,"column":19},"end":{"line":12,"column":33}},"5":{"start":{"line":13,"column":2},"end":{"line":13,"column":50}},"6":{"start":{"line":14,"column":19},"end":{"line":17,"column":4}},"7":{"start":{"line":18,"column":2},"end":{"line":18,"column":21}},"8":{"start":{"line":22,"column":2},"end":{"line":22,"column":44}},"9":{"start":{"line":26,"column":19},"end":{"line":26,"column":77}},"10":{"start":{"line":27,"column":2},"end":{"line":27,"column":31}}},"fnMap":{"0":{"name":"fetchWeather","decl":{"start":{"line":1,"column":22},"end":{"line":1,"column":34}},"loc":{"start":{"line":1,"column":41},"end":{"line":5,"column":1}},"line":1},"1":{"name":"formatWeatherData","decl":{"start":{"line":7,"column":16},"end":{"line":7,"column":33}},"loc":{"start":{"line":7,"column":40},"end":{"line":9,"column":1}},"line":7},"2":{"name":"uploadReport","decl":{"start":{"line":11,"column":22},"end":{"line":11,"column":34}},"loc":{"start":{"line":11,"column":41},"end":{"line":19,"column":1}},"line":11},"3":{"name":"getWeatherSummary","decl":{"start":{"line":21,"column":16},"end":{"line":21,"column":33}},"loc":{"start":{"line":21,"column":57},"end":{"line":23,"column":1}},"line":21},"4":{"name":"downloadReport","decl":{"start":{"line":25,"column":22},"end":{"line":25,"column":36}},"loc":{"start":{"line":25,"column":43},"end":{"line":28,"column":1}},"line":25}},"branchMap":{},"s":{"0":7,"1":2,"2":2,"3":1,"4":2,"5":2,"6":2,"7":2,"8":3,"9":1,"10":1},"f":{"0":7,"1":1,"2":2,"3":3,"4":1},"b":{},"_coverageSchema":"1a1c01bbd47fc00a2c39e90264f33305004495a9","hash":"6f47ab1b08fd5bc475231c17c5af56a758df555d"}
}
