TN:
SF:src\app.js
FN:3,initApp
FN:10,(anonymous_1)
FNF:2
FNH:2
FNDA:8,initApp
FNDA:13,(anonymous_1)
DA:4,8
DA:5,8
DA:6,8
DA:7,8
DA:8,8
DA:10,8
DA:11,13
DA:12,13
DA:13,5
DA:14,5
DA:15,5
DA:16,5
DA:19,8
DA:20,8
DA:21,2
DA:22,2
DA:32,7
DA:33,7
DA:34,7
LF:19
LH:19
BRDA:12,0,0,5
BRDA:12,0,1,8
BRF:2
BRH:2
end_of_record
TN:
SF:src\main.js
FN:3,(anonymous_0)
FNF:1
FNH:1
FNDA:1,(anonymous_0)
DA:3,1
DA:4,1
DA:6,1
LF:3
LH:3
BRF:0
BRH:0
end_of_record
TN:
SF:src\weather.js
FN:1,fetchWeather
FN:7,formatWeatherData
FN:11,uploadReport
FN:21,getWeatherSummary
FN:25,downloadReport
FNF:5
FNH:5
FNDA:7,fetchWeather
FNDA:1,formatWeatherData
FNDA:2,uploadReport
FNDA:3,getWeatherSummary
FNDA:1,downloadReport
DA:2,7
DA:3,2
DA:4,2
DA:8,1
DA:12,2
DA:13,2
DA:14,2
DA:18,2
DA:22,3
DA:26,1
DA:27,1
LF:11
LH:11
BRF:0
BRH:0
end_of_record
